<?xml version="1.0" encoding="UTF-8"?>
<!-- Generated by org.testng.reporters.JUnitReportReporter -->
<testsuite skipped="0" hostname="LAPTOP-0ESFL29K" name="BuscaminasTest" tests="4" failures="0" timestamp="2020-09-13T11:55:07 COT" time="0.026" errors="0">
  <testcase name="testCase0" time="0.019" classname="BuscaminasTest"/>
  <testcase name="testCase1" time="0.002" classname="BuscaminasTest"/>
  <testcase name="testCase3" time="0.004" classname="BuscaminasTest"/>
  <testcase name="testCase2" time="0.001" classname="BuscaminasTest"/>
</testsuite> <!-- BuscaminasTest -->
